<?xml version="1.0" encoding="UTF-8"?>
<!-- Generated by org.testng.reporters.JUnitReportReporter -->
<testsuite hostname="Anonymous" failures="0" tests="1" name="crm.TestCases.LoginTest" time="11.587" errors="0" timestamp="1 Jun 2021 18:16:49 GMT">
  <testcase classname="crm.TestCases.LoginTest" name="loginTest" time="11.587"/>
</testsuite> <!-- crm.TestCases.LoginTest -->
