<?xml version="1.0" encoding="UTF-8"?>
<!-- Generated by org.testng.reporters.JUnitReportReporter -->
<testsuite hostname="Anonymous" failures="0" tests="1" name="seleniumRevision.Test1" time="12.535" errors="0" timestamp="1 Jun 2021 04:28:22 GMT">
  <testcase classname="seleniumRevision.Test1" name="dropDownTest" time="12.535"/>
</testsuite> <!-- seleniumRevision.Test1 -->
