<?xml version="1.0" encoding="UTF-8"?>
<!-- Generated by org.testng.reporters.JUnitReportReporter -->
<testsuite hostname="Anonymous" failures="0" tests="1" name="crm.TestCases.SelRev" time="8.770" errors="0" timestamp="7 Jun 2021 07:02:59 GMT">
  <testcase classname="crm.TestCases.SelRev" name="test4" time="8.770"/>
</testsuite> <!-- crm.TestCases.SelRev -->
